<?xml version="1.0" encoding="UTF-8"?>
<!-- Generated by org.testng.reporters.JUnitXMLReporter -->
<testsuite hostname="AMAN-HP" name="CRM App testcases" tests="10" failures="0" timestamp="2 Jan 2020 09:25:26 GMT" time="135.979" errors="0">
  <testcase name="loginPageTitleTest" time="0.377" classname="com.crm.qa.testcases.LoginPageTest"/>
  <testcase name="gethomepagetitletest" time="0.021" classname="com.crm.qa.testcases.HomePageTest"/>
  <testcase name="getcontactslabeltest" time="0.142" classname="com.crm.qa.testcases.ContactsPageTest"/>
  <testcase name="verifycrmimage" time="0.466" classname="com.crm.qa.testcases.LoginPageTest"/>
  <testcase name="getusernamelabeltest" time="1.902" classname="com.crm.qa.testcases.HomePageTest"/>
  <testcase name="getnewcontacttest" time="0.282" classname="com.crm.qa.testcases.ContactsPageTest"/>
  <testcase name="clickloginbutton" time="5.411" classname="com.crm.qa.testcases.LoginPageTest"/>
  <testcase name="getcontactspagetest" time="1.917" classname="com.crm.qa.testcases.HomePageTest"/>
  <testcase name="createnewcontacttest" time="0.908" classname="com.crm.qa.testcases.ContactsPageTest">
    <skipped/>
  </testcase> <!-- createnewcontacttest -->
  <testcase name="logintest" time="5.979" classname="com.crm.qa.testcases.LoginPageTest"/>
</testsuite> <!-- CRM App testcases -->
