<?xml version="1.0" encoding="UTF-8"?>
<!-- Generated by org.testng.reporters.JUnitXMLReporter -->
<testsuite hostname="AMAN-HP" name="Google Access" tests="4" failures="4" timestamp="14 Mar 2020 12:13:33 GMT" time="51.214" errors="0">
  <testcase name="openberowser" time="12.707" classname="com.crm.qa.testcases.testng">
    <failure type="java.lang.ArithmeticException" message="/ by zero">
      <![CDATA[java.lang.ArithmeticException: / by zero
	at com.crm.qa.testcases.testng.openberowser(testng.java:21)
... Removed 24 stack frames]]>
    </failure>
  </testcase> <!-- openberowser -->
  <testcase name="openberowser" time="9.423" classname="com.crm.qa.testcases.testng">
    <failure type="java.lang.ArithmeticException" message="/ by zero">
      <![CDATA[java.lang.ArithmeticException: / by zero
	at com.crm.qa.testcases.testng.openberowser(testng.java:21)
... Removed 24 stack frames]]>
    </failure>
  </testcase> <!-- openberowser -->
  <testcase name="openberowser" time="15.153" classname="com.crm.qa.testcases.testng">
    <failure type="java.lang.ArithmeticException" message="/ by zero">
      <![CDATA[java.lang.ArithmeticException: / by zero
	at com.crm.qa.testcases.testng.openberowser(testng.java:21)
... Removed 24 stack frames]]>
    </failure>
  </testcase> <!-- openberowser -->
  <testcase name="openberowser" time="13.875" classname="com.crm.qa.testcases.testng">
    <failure type="java.lang.ArithmeticException" message="/ by zero">
      <![CDATA[java.lang.ArithmeticException: / by zero
	at com.crm.qa.testcases.testng.openberowser(testng.java:21)
... Removed 24 stack frames]]>
    </failure>
  </testcase> <!-- openberowser -->
</testsuite> <!-- Google Access -->
